[debug] [2023-02-19T12:35:57.132Z] ----------------------------------------------------------------------
[debug] [2023-02-19T12:35:57.134Z] Command:       C:\Program Files\nodejs\node.exe C:\Users\mohit\AppData\Roaming\npm\node_modules\firebase-tools\lib\bin\firebase.js init
[debug] [2023-02-19T12:35:57.135Z] CLI Version:   11.23.1
[debug] [2023-02-19T12:35:57.135Z] Platform:      win32
[debug] [2023-02-19T12:35:57.135Z] Node Version:  v18.13.0
[debug] [2023-02-19T12:35:57.136Z] Time:          Sun Feb 19 2023 04:35:57 GMT-0800 (Pacific Standard Time)
[debug] [2023-02-19T12:35:57.137Z] ----------------------------------------------------------------------
[debug] 
[debug] [2023-02-19T12:35:57.224Z] > command requires scopes: ["email","openid","https://www.googleapis.com/auth/cloudplatformprojects.readonly","https://www.googleapis.com/auth/firebase","https://www.googleapis.com/auth/cloud-platform"]
[debug] [2023-02-19T12:35:57.225Z] > authorizing via signed-in user (singhrohit44164@gmail.com)
[info] 
     ######## #### ########  ######## ########     ###     ######  ########
     ##        ##  ##     ## ##       ##     ##  ##   ##  ##       ##
     ######    ##  ########  ######   ########  #########  ######  ######
     ##        ##  ##    ##  ##       ##     ## ##     ##       ## ##
     ##       #### ##     ## ######## ########  ##     ##  ######  ########

You're about to initialize a Firebase project in this directory:

  C:\Users\mohit\Desktop\TodoApp

Before we get started, keep in mind:

  * You are initializing within an existing Firebase project directory

[info] 
=== Project Setup
[info] 
[info] First, let's associate this project directory with a Firebase project.
[info] You can create multiple project aliases by running firebase use --add, 
[info] but for now we'll just set up a default project.
[info] 
[debug] [2023-02-19T12:36:22.321Z] Using project from CLI flag: todofb-e65a3
[debug] [2023-02-19T12:36:22.330Z] >>> [apiv2][query] GET https://firebase.googleapis.com/v1beta1/projects/todofb-e65a3 [none]
[debug] [2023-02-19T12:36:23.056Z] <<< [apiv2][status] GET https://firebase.googleapis.com/v1beta1/projects/todofb-e65a3 200
[debug] [2023-02-19T12:36:23.057Z] <<< [apiv2][body] GET https://firebase.googleapis.com/v1beta1/projects/todofb-e65a3 {"projectId":"todofb-e65a3","projectNumber":"3048146651","displayName":"TodoFB","name":"projects/todofb-e65a3","resources":{"hostingSite":"todofb-e65a3"},"state":"ACTIVE","etag":"1_e3ce7fb5-13aa-405b-b998-3e517c9c3783"}
[info] i  Using project todofb-e65a3 (TodoFB) 
[info] 
=== Hosting Setup
[info] 
[info] Your public directory is the folder (relative to your project directory) that
[info] will contain Hosting assets to be uploaded with firebase deploy. If you
[info] have a build process for your assets, use your build's output directory.
[info] 
